<?xml version="1.0" encoding="UTF-8"?>
<!-- Generated by org.testng.reporters.JUnitXMLReporter -->
<testsuite hostname="LAPTOP-0HQFRC13" ignored="0" name="Test" tests="3" failures="2" timestamp="2021-06-06T11:54:01 IST" time="4.173" errors="0">
  <testcase name="test01" time="3.813" classname="com.DemoTest"/>
  <testcase name="test02" time="0.006" classname="com.DemoTest">
    <failure type="java.lang.AssertionError" message="expected [false] but found [true]">
      <![CDATA[java.lang.AssertionError: expected [false] but found [true]
at com.DemoTest.test02(DemoTest.java:68)
at java.util.ArrayList.forEach(Unknown Source)
... Removed 33 stack frames]]>
    </failure>
  </testcase> <!-- test02 -->
  <testcase name="test03" time="0.002" classname="com.DemoTest">
    <failure type="java.lang.Exception" message="skipped">
      <![CDATA[java.lang.Exception: skipped
at com.DemoTest.test03(DemoTest.java:74)
at java.util.ArrayList.forEach(Unknown Source)
... Removed 27 stack frames]]>
    </failure>
  </testcase> <!-- test03 -->
</testsuite> <!-- Test -->
